{"level":"error","time":"2025-02-04T19:39:28.012+0700","caller":"handlers/user.go:97","msg":"ERROR: null value in column \"status\" of relation \"users\" violates not-null constraint (SQLSTATE 23502)","url":"/api/users/signup"}
{"level":"error","time":"2025-02-04T19:40:53.918+0700","caller":"handlers/user.go:97","msg":"ERROR: null value in column \"status\" of relation \"users\" violates not-null constraint (SQLSTATE 23502)","url":"/api/users/signup"}
{"level":"error","time":"2025-02-04T19:41:29.176+0700","caller":"handlers/user.go:167","msg":"ERROR: table \"users\" does not exist (SQLSTATE 42P01)","url":"/protected/drop-users"}
{"level":"error","time":"2025-02-04T19:42:44.822+0700","caller":"handlers/user.go:239","msg":"crypto/bcrypt: hashedPassword is not the hash of the given password","url":"/api/users/login"}
{"level":"error","time":"2025-02-04T19:43:11.072+0700","caller":"handlers/user.go:97","msg":"ERROR: duplicate key value violates unique constraint \"unique_username\" (SQLSTATE 23505)","url":"/api/users/signup"}
{"level":"error","time":"2025-02-05T17:07:42.151+0700","caller":"logger/logger.go:70","msg":"Failed to transfer products to database","error":"ERROR: duplicate key value violates unique constraint \"products_pkey\" (SQLSTATE 23505)","url":"/api/products/transfer"}
{"level":"error","time":"2025-02-05T17:08:36.819+0700","caller":"logger/logger.go:70","msg":"Failed to add item cart","error":"ERROR: insert or update on table \"cart\" violates foreign key constraint \"cart_product_id_fkey\" (SQLSTATE 23503)","url":"/api/cart/add"}
{"level":"error","time":"2025-02-05T17:09:15.078+0700","caller":"logger/logger.go:70","msg":"Failed to add item cart","error":"ERROR: new row for relation \"cart\" violates check constraint \"check_cart_quantity\" (SQLSTATE 23514)","url":"/api/cart/add"}
{"level":"error","time":"2025-02-05T17:10:06.350+0700","caller":"logger/logger.go:70","msg":"Failed to add item cart","error":"ERROR: new row for relation \"cart\" violates check constraint \"check_cart_quantity\" (SQLSTATE 23514)","url":"/api/cart/add"}
{"level":"error","time":"2025-02-05T17:10:11.350+0700","caller":"logger/logger.go:70","msg":"product_id not found","error":"ERROR: Can not find item in cart (SQLSTATE P0001)","url":"/api/cart/delete/e43638ce-6aa0-4b85-b27f-e1d07eb678c6"}
{"level":"error","time":"2025-02-05T17:10:29.954+0700","caller":"logger/logger.go:70","msg":"product_id not found","error":"ERROR: Can not find item in cart (SQLSTATE P0001)","url":"/api/cart/delete/e43638ce-6aa0-4b85-b27f-e1d07eb678c6"}
{"level":"error","time":"2025-02-05T17:10:38.405+0700","caller":"logger/logger.go:70","msg":"Failed to add item cart","error":"ERROR: new row for relation \"cart\" violates check constraint \"check_cart_quantity\" (SQLSTATE 23514)","url":"/api/cart/add"}
{"level":"error","time":"2025-02-05T17:11:27.940+0700","caller":"logger/logger.go:70","msg":"Failed to get users from database","error":"number of field descriptions must equal number of destinations, got 7 and 6","url":"/api/users/"}
{"level":"error","time":"2025-02-05T17:11:38.876+0700","caller":"logger/logger.go:70","msg":"Failed to add user to database","error":"ERROR: duplicate key value violates unique constraint \"unique_username\" (SQLSTATE 23505)","url":"/api/users/signup"}
{"level":"error","time":"2025-02-05T17:14:38.526+0700","caller":"logger/logger.go:70","msg":"Failed to drop table","error":"ERROR: cannot drop table products because other objects depend on it (SQLSTATE 2BP01)","url":"/protected/drop-products"}
{"level":"error","time":"2025-02-05T17:14:56.906+0700","caller":"logger/logger.go:70","msg":"Failed to delete user from database","error":"ERROR: relation \"users\" does not exist (SQLSTATE 42P01)","url":"/protected/delete/5921911906"}
{"level":"error","time":"2025-02-05T17:15:06.262+0700","caller":"logger/logger.go:70","msg":"Failed to drop table","error":"ERROR: table \"users\" does not exist (SQLSTATE 42P01)","url":"/protected/drop-users"}
{"level":"error","time":"2025-02-05T17:15:11.728+0700","caller":"logger/logger.go:70","msg":"Failed to drop table","error":"ERROR: table \"cart\" does not exist (SQLSTATE 42P01)","url":"/protected/drop-cart"}
{"level":"error","time":"2025-02-05T17:25:25.431+0700","caller":"logger/logger.go:70","msg":"Failed to drop table","error":"ERROR: cannot drop table products because other objects depend on it (SQLSTATE 2BP01)","url":"/protected/drop-products"}
{"level":"error","time":"2025-02-05T17:25:41.756+0700","caller":"logger/logger.go:70","msg":"Failed to drop table","error":"ERROR: table \"cart\" does not exist (SQLSTATE 42P01)","url":"/protected/drop-cart"}
{"level":"error","time":"2025-02-05T17:25:53.036+0700","caller":"logger/logger.go:70","msg":"Failed to drop table","error":"ERROR: table \"products\" does not exist (SQLSTATE 42P01)","url":"/protected/drop-products"}
{"level":"error","time":"2025-02-05T17:26:01.327+0700","caller":"logger/logger.go:70","msg":"Failed to drop table","error":"ERROR: table \"users\" does not exist (SQLSTATE 42P01)","url":"/protected/drop-users"}
{"level":"error","time":"2025-02-05T17:27:14.188+0700","caller":"logger/logger.go:70","msg":"Failed to add user to database","error":"ERROR: duplicate key value violates unique constraint \"unique_username\" (SQLSTATE 23505)","url":"/api/users/signup"}
{"level":"error","time":"2025-02-06T16:33:59.930+0700","caller":"logger/logger.go:70","msg":"Wrong JSON format","error":"json: cannot unmarshal number into Go struct field User.phone of type string","url":"/api/users/signup"}
{"level":"error","time":"2025-02-06T16:41:51.086+0700","caller":"logger/logger.go:70","msg":"Failed to get cart from database","error":"number of field descriptions must equal number of destinations, got 4 and 5","url":"/api/carts/"}
{"level":"error","time":"2025-02-06T16:45:49.752+0700","caller":"logger/logger.go:70","msg":"Failed to get cart from database","error":"can't scan into dest[2]: cannot scan timestamptz (OID 1184) in binary format into *int","url":"/api/carts/"}
{"level":"error","time":"2025-02-06T16:51:01.741+0700","caller":"logger/logger.go:70","msg":"Failed to get cart from database","error":"ERROR: column ci.price does not exist (SQLSTATE 42703)","url":"/api/carts/"}
{"level":"error","time":"2025-02-06T16:52:20.982+0700","caller":"logger/logger.go:70","msg":"Failed to get cart from database","error":"ERROR: column ci.price does not exist (SQLSTATE 42703)","url":"/api/carts/"}
